# JRE version: Java(TM) SE Runtime Environment (8.0_291-b10) (build 1.8.0_291-b10)
# Java VM: Java HotSpot(TM) 64-Bit Server VM (25.291-b10 mixed mode windows-amd64 compressed oops)
Heap:
 PSYoungGen      total 138752K, used 86327K [0x000000076b400000, 0x0000000775c80000, 0x00000007c0000000)
  eden space 128000K, 59% used [0x000000076b400000,0x000000076fe38cb8,0x0000000773100000)
  from space 10752K, 96% used [0x0000000773100000,0x0000000773b14f88,0x0000000773b80000)
  to   space 14848K, 0% used [0x0000000774e00000,0x0000000774e00000,0x0000000775c80000)
 ParOldGen       total 117760K, used 12673K [0x00000006c1c00000, 0x00000006c8f00000, 0x000000076b400000)
  object space 117760K, 10% used [0x00000006c1c00000,0x00000006c2860748,0x00000006c8f00000)
 Metaspace       used 24364K, capacity 25480K, committed 25728K, reserved 1071104K
  class space    used 2825K, capacity 3090K, committed 3200K, reserved 1048576K
GC Heap History (10 events):
Event: 3.892 GC heap before
{Heap before GC invocations=2 (full 0):
 PSYoungGen      total 76288K, used 75701K [0x000000076b400000, 0x0000000770900000, 0x00000007c0000000)
  eden space 65536K, 100% used [0x000000076b400000,0x000000076f400000,0x000000076f400000)
  from space 10752K, 94% used [0x000000076f400000,0x000000076fded6a0,0x000000076fe80000)
  to   space 10752K, 0% used [0x000000076fe80000,0x000000076fe80000,0x0000000770900000)
 ParOldGen       total 175104K, used 16K [0x00000006c1c00000, 0x00000006cc700000, 0x000000076b400000)
  object space 175104K, 0% used [0x00000006c1c00000,0x00000006c1c04000,0x00000006cc700000)
 Metaspace       used 19082K, capacity 19668K, committed 19968K, reserved 1067008K
  class space    used 2358K, capacity 2529K, committed 2560K, reserved 1048576K
Event: 3.916 GC heap after
Heap after GC invocations=2 (full 0):
 PSYoungGen      total 76288K, used 10728K [0x000000076b400000, 0x0000000770900000, 0x00000007c0000000)
  eden space 65536K, 0% used [0x000000076b400000,0x000000076b400000,0x000000076f400000)
  from space 10752K, 99% used [0x000000076fe80000,0x00000007708fa2e8,0x0000000770900000)
  to   space 10752K, 0% used [0x000000076f400000,0x000000076f400000,0x000000076fe80000)
 ParOldGen       total 175104K, used 2678K [0x00000006c1c00000, 0x00000006cc700000, 0x000000076b400000)
  object space 175104K, 1% used [0x00000006c1c00000,0x00000006c1e9dba8,0x00000006cc700000)
 Metaspace       used 19082K, capacity 19668K, committed 19968K, reserved 1067008K
  class space    used 2358K, capacity 2529K, committed 2560K, reserved 1048576K
}
Event: 4.722 GC heap before
{Heap before GC invocations=3 (full 0):
 PSYoungGen      total 76288K, used 51180K [0x000000076b400000, 0x0000000770900000, 0x00000007c0000000)
  eden space 65536K, 61% used [0x000000076b400000,0x000000076db810d0,0x000000076f400000)
  from space 10752K, 99% used [0x000000076fe80000,0x00000007708fa2e8,0x0000000770900000)
  to   space 10752K, 0% used [0x000000076f400000,0x000000076f400000,0x000000076fe80000)
 ParOldGen       total 175104K, used 2678K [0x00000006c1c00000, 0x00000006cc700000, 0x000000076b400000)
  object space 175104K, 1% used [0x00000006c1c00000,0x00000006c1e9dba8,0x00000006cc700000)
 Metaspace       used 20376K, capacity 21072K, committed 21248K, reserved 1067008K
  class space    used 2512K, capacity 2689K, committed 2816K, reserved 1048576K
Event: 4.734 GC heap after
Heap after GC invocations=3 (full 0):
 PSYoungGen      total 76288K, used 10728K [0x000000076b400000, 0x0000000774900000, 0x00000007c0000000)
  eden space 65536K, 0% used [0x000000076b400000,0x000000076b400000,0x000000076f400000)
  from space 10752K, 99% used [0x000000076f400000,0x000000076fe7a070,0x000000076fe80000)
  to   space 10752K, 0% used [0x0000000773e80000,0x0000000773e80000,0x0000000774900000)
 ParOldGen       total 175104K, used 4731K [0x00000006c1c00000, 0x00000006cc700000, 0x000000076b400000)
  object space 175104K, 2% used [0x00000006c1c00000,0x00000006c209ee18,0x00000006cc700000)
 Metaspace       used 20376K, capacity 21072K, committed 21248K, reserved 1067008K
  class space    used 2512K, capacity 2689K, committed 2816K, reserved 1048576K
}
Event: 4.734 GC heap before
{Heap before GC invocations=4 (full 1):
 PSYoungGen      total 76288K, used 10728K [0x000000076b400000, 0x0000000774900000, 0x00000007c0000000)
  eden space 65536K, 0% used [0x000000076b400000,0x000000076b400000,0x000000076f400000)
  from space 10752K, 99% used [0x000000076f400000,0x000000076fe7a070,0x000000076fe80000)
  to   space 10752K, 0% used [0x0000000773e80000,0x0000000773e80000,0x0000000774900000)
 ParOldGen       total 175104K, used 4731K [0x00000006c1c00000, 0x00000006cc700000, 0x000000076b400000)
  object space 175104K, 2% used [0x00000006c1c00000,0x00000006c209ee18,0x00000006cc700000)
 Metaspace       used 20376K, capacity 21072K, committed 21248K, reserved 1067008K
  class space    used 2512K, capacity 2689K, committed 2816K, reserved 1048576K
Event: 4.793 GC heap after
Heap after GC invocations=4 (full 1):
 PSYoungGen      total 76288K, used 0K [0x000000076b400000, 0x0000000774900000, 0x00000007c0000000)
  eden space 65536K, 0% used [0x000000076b400000,0x000000076b400000,0x000000076f400000)
  from space 10752K, 0% used [0x000000076f400000,0x000000076f400000,0x000000076fe80000)
  to   space 10752K, 0% used [0x0000000773e80000,0x0000000773e80000,0x0000000774900000)
 ParOldGen       total 117760K, used 12657K [0x00000006c1c00000, 0x00000006c8f00000, 0x000000076b400000)
  object space 117760K, 10% used [0x00000006c1c00000,0x00000006c285c748,0x00000006c8f00000)
 Metaspace       used 20376K, capacity 21072K, committed 21248K, reserved 1067008K
  class space    used 2512K, capacity 2689K, committed 2816K, reserved 1048576K
}
Event: 6.047 GC heap before
{Heap before GC invocations=5 (full 1):
 PSYoungGen      total 76288K, used 65536K [0x000000076b400000, 0x0000000774900000, 0x00000007c0000000)
  eden space 65536K, 100% used [0x000000076b400000,0x000000076f400000,0x000000076f400000)
  from space 10752K, 0% used [0x000000076f400000,0x000000076f400000,0x000000076fe80000)
  to   space 10752K, 0% used [0x0000000773e80000,0x0000000773e80000,0x0000000774900000)
 ParOldGen       total 117760K, used 12657K [0x00000006c1c00000, 0x00000006c8f00000, 0x000000076b400000)
  object space 117760K, 10% used [0x00000006c1c00000,0x00000006c285c748,0x00000006c8f00000)
 Metaspace       used 21303K, capacity 22190K, committed 22272K, reserved 1069056K
  class space    used 2556K, capacity 2770K, committed 2816K, reserved 1048576K
Event: 6.064 GC heap after
Heap after GC invocations=5 (full 1):
 PSYoungGen      total 104448K, used 7332K [0x000000076b400000, 0x0000000774600000, 0x00000007c0000000)
  eden space 96768K, 0% used [0x000000076b400000,0x000000076b400000,0x0000000771280000)
  from space 7680K, 95% used [0x0000000773e80000,0x00000007745a9228,0x0000000774600000)
  to   space 10752K, 0% used [0x0000000773100000,0x0000000773100000,0x0000000773b80000)
 ParOldGen       total 117760K, used 12665K [0x00000006c1c00000, 0x00000006c8f00000, 0x000000076b400000)
  object space 117760K, 10% used [0x00000006c1c00000,0x00000006c285e748,0x00000006c8f00000)
 Metaspace       used 21303K, capacity 22190K, committed 22272K, reserved 1069056K
  class space    used 2556K, capacity 2770K, committed 2816K, reserved 1048576K
}
Event: 7.201 GC heap before
{Heap before GC invocations=6 (full 1):
 PSYoungGen      total 104448K, used 104100K [0x000000076b400000, 0x0000000774600000, 0x00000007c0000000)
  eden space 96768K, 100% used [0x000000076b400000,0x0000000771280000,0x0000000771280000)
  from space 7680K, 95% used [0x0000000773e80000,0x00000007745a9228,0x0000000774600000)
  to   space 10752K, 0% used [0x0000000773100000,0x0000000773100000,0x0000000773b80000)
 ParOldGen       total 117760K, used 12665K [0x00000006c1c00000, 0x00000006c8f00000, 0x000000076b400000)
  object space 117760K, 10% used [0x00000006c1c00000,0x00000006c285e748,0x00000006c8f00000)
 Metaspace       used 22150K, capacity 23138K, committed 23424K, reserved 1069056K
  class space    used 2614K, capacity 2850K, committed 2944K, reserved 1048576K
Event: 7.215 GC heap after
Heap after GC invocations=6 (full 1):
 PSYoungGen      total 138752K, used 10323K [0x000000076b400000, 0x0000000775c80000, 0x00000007c0000000)
  eden space 128000K, 0% used [0x000000076b400000,0x000000076b400000,0x0000000773100000)
  from space 10752K, 96% used [0x0000000773100000,0x0000000773b14f88,0x0000000773b80000)
  to   space 14848K, 0% used [0x0000000774e00000,0x0000000774e00000,0x0000000775c80000)
 ParOldGen       total 117760K, used 12673K [0x00000006c1c00000, 0x00000006c8f00000, 0x000000076b400000)
  object space 117760K, 10% used [0x00000006c1c00000,0x00000006c2860748,0x00000006c8f00000)
 Metaspace       used 22150K, capacity 23138K, committed 23424K, reserved 1069056K
  class space    used 2614K, capacity 2850K, committed 2944K, reserved 1048576K
}

