# JRE version: Java(TM) SE Runtime Environment (8.0_291-b10) (build 1.8.0_291-b10)
# Java VM: Java HotSpot(TM) 64-Bit Server VM (25.291-b10 mixed mode windows-amd64 compressed oops)
Heap:
 PSYoungGen      total 76288K, used 9811K [0x000000076b400000, 0x0000000772900000, 0x00000007c0000000)
  eden space 65536K, 3% used [0x000000076b400000,0x000000076b6287c0,0x000000076f400000)
  from space 10752K, 70% used [0x000000076f400000,0x000000076fb6c4a0,0x000000076fe80000)
  to   space 10752K, 0% used [0x0000000771e80000,0x0000000771e80000,0x0000000772900000)
 ParOldGen       total 110080K, used 9241K [0x00000006c1c00000, 0x00000006c8780000, 0x000000076b400000)
  object space 110080K, 8% used [0x00000006c1c00000,0x00000006c2506740,0x00000006c8780000)
 Metaspace       used 25040K, capacity 26376K, committed 26496K, reserved 1073152K
  class space    used 3195K, capacity 3456K, committed 3456K, reserved 1048576K
GC Heap History (8 events):
Event: 1.806 GC heap before
{Heap before GC invocations=1 (full 0):
 PSYoungGen      total 76288K, used 65536K [0x000000076b400000, 0x0000000770900000, 0x00000007c0000000)
  eden space 65536K, 100% used [0x000000076b400000,0x000000076f400000,0x000000076f400000)
  from space 10752K, 0% used [0x000000076fe80000,0x000000076fe80000,0x0000000770900000)
  to   space 10752K, 0% used [0x000000076f400000,0x000000076f400000,0x000000076fe80000)
 ParOldGen       total 175104K, used 0K [0x00000006c1c00000, 0x00000006cc700000, 0x000000076b400000)
  object space 175104K, 0% used [0x00000006c1c00000,0x00000006c1c00000,0x00000006cc700000)
 Metaspace       used 16067K, capacity 16916K, committed 17152K, reserved 1064960K
  class space    used 1989K, capacity 2184K, committed 2304K, reserved 1048576K
Event: 1.815 GC heap after
Heap after GC invocations=1 (full 0):
 PSYoungGen      total 76288K, used 10737K [0x000000076b400000, 0x0000000770900000, 0x00000007c0000000)
  eden space 65536K, 0% used [0x000000076b400000,0x000000076b400000,0x000000076f400000)
  from space 10752K, 99% used [0x000000076f400000,0x000000076fe7c7a8,0x000000076fe80000)
  to   space 10752K, 0% used [0x000000076fe80000,0x000000076fe80000,0x0000000770900000)
 ParOldGen       total 175104K, used 588K [0x00000006c1c00000, 0x00000006cc700000, 0x000000076b400000)
  object space 175104K, 0% used [0x00000006c1c00000,0x00000006c1c93078,0x00000006cc700000)
 Metaspace       used 16067K, capacity 16916K, committed 17152K, reserved 1064960K
  class space    used 1989K, capacity 2184K, committed 2304K, reserved 1048576K
}
Event: 2.188 GC heap before
{Heap before GC invocations=2 (full 0):
 PSYoungGen      total 76288K, used 46081K [0x000000076b400000, 0x0000000770900000, 0x00000007c0000000)
  eden space 65536K, 53% used [0x000000076b400000,0x000000076d683e98,0x000000076f400000)
  from space 10752K, 99% used [0x000000076f400000,0x000000076fe7c7a8,0x000000076fe80000)
  to   space 10752K, 0% used [0x000000076fe80000,0x000000076fe80000,0x0000000770900000)
 ParOldGen       total 175104K, used 588K [0x00000006c1c00000, 0x00000006cc700000, 0x000000076b400000)
  object space 175104K, 0% used [0x00000006c1c00000,0x00000006c1c93078,0x00000006cc700000)
 Metaspace       used 20319K, capacity 21226K, committed 21296K, reserved 1069056K
  class space    used 2566K, capacity 2793K, committed 2816K, reserved 1048576K
Event: 2.197 GC heap after
Heap after GC invocations=2 (full 0):
 PSYoungGen      total 76288K, used 9578K [0x000000076b400000, 0x0000000770900000, 0x00000007c0000000)
  eden space 65536K, 0% used [0x000000076b400000,0x000000076b400000,0x000000076f400000)
  from space 10752K, 89% used [0x000000076fe80000,0x00000007707dab70,0x0000000770900000)
  to   space 10752K, 0% used [0x000000076f400000,0x000000076f400000,0x000000076fe80000)
 ParOldGen       total 175104K, used 596K [0x00000006c1c00000, 0x00000006cc700000, 0x000000076b400000)
  object space 175104K, 0% used [0x00000006c1c00000,0x00000006c1c95078,0x00000006cc700000)
 Metaspace       used 20319K, capacity 21226K, committed 21296K, reserved 1069056K
  class space    used 2566K, capacity 2793K, committed 2816K, reserved 1048576K
}
Event: 2.197 GC heap before
{Heap before GC invocations=3 (full 1):
 PSYoungGen      total 76288K, used 9578K [0x000000076b400000, 0x0000000770900000, 0x00000007c0000000)
  eden space 65536K, 0% used [0x000000076b400000,0x000000076b400000,0x000000076f400000)
  from space 10752K, 89% used [0x000000076fe80000,0x00000007707dab70,0x0000000770900000)
  to   space 10752K, 0% used [0x000000076f400000,0x000000076f400000,0x000000076fe80000)
 ParOldGen       total 175104K, used 596K [0x00000006c1c00000, 0x00000006cc700000, 0x000000076b400000)
  object space 175104K, 0% used [0x00000006c1c00000,0x00000006c1c95078,0x00000006cc700000)
 Metaspace       used 20319K, capacity 21226K, committed 21296K, reserved 1069056K
  class space    used 2566K, capacity 2793K, committed 2816K, reserved 1048576K
Event: 2.231 GC heap after
Heap after GC invocations=3 (full 1):
 PSYoungGen      total 76288K, used 0K [0x000000076b400000, 0x0000000770900000, 0x00000007c0000000)
  eden space 65536K, 0% used [0x000000076b400000,0x000000076b400000,0x000000076f400000)
  from space 10752K, 0% used [0x000000076fe80000,0x000000076fe80000,0x0000000770900000)
  to   space 10752K, 0% used [0x000000076f400000,0x000000076f400000,0x000000076fe80000)
 ParOldGen       total 110080K, used 9233K [0x00000006c1c00000, 0x00000006c8780000, 0x000000076b400000)
  object space 110080K, 8% used [0x00000006c1c00000,0x00000006c2504740,0x00000006c8780000)
 Metaspace       used 20319K, capacity 21226K, committed 21296K, reserved 1069056K
  class space    used 2566K, capacity 2793K, committed 2816K, reserved 1048576K
}
Event: 3.273 GC heap before
{Heap before GC invocations=4 (full 1):
 PSYoungGen      total 76288K, used 65536K [0x000000076b400000, 0x0000000770900000, 0x00000007c0000000)
  eden space 65536K, 100% used [0x000000076b400000,0x000000076f400000,0x000000076f400000)
  from space 10752K, 0% used [0x000000076fe80000,0x000000076fe80000,0x0000000770900000)
  to   space 10752K, 0% used [0x000000076f400000,0x000000076f400000,0x000000076fe80000)
 ParOldGen       total 110080K, used 9233K [0x00000006c1c00000, 0x00000006c8780000, 0x000000076b400000)
  object space 110080K, 8% used [0x00000006c1c00000,0x00000006c2504740,0x00000006c8780000)
 Metaspace       used 24874K, capacity 26222K, committed 26240K, reserved 1073152K
  class space    used 3172K, capacity 3451K, committed 3456K, reserved 1048576K
Event: 3.291 GC heap after
Heap after GC invocations=4 (full 1):
 PSYoungGen      total 76288K, used 7601K [0x000000076b400000, 0x0000000772900000, 0x00000007c0000000)
  eden space 65536K, 0% used [0x000000076b400000,0x000000076b400000,0x000000076f400000)
  from space 10752K, 70% used [0x000000076f400000,0x000000076fb6c4a0,0x000000076fe80000)
  to   space 10752K, 0% used [0x0000000771e80000,0x0000000771e80000,0x0000000772900000)
 ParOldGen       total 110080K, used 9241K [0x00000006c1c00000, 0x00000006c8780000, 0x000000076b400000)
  object space 110080K, 8% used [0x00000006c1c00000,0x00000006c2506740,0x00000006c8780000)
 Metaspace       used 24874K, capacity 26222K, committed 26240K, reserved 1073152K
  class space    used 3172K, capacity 3451K, committed 3456K, reserved 1048576K
}

