# JRE version: Java(TM) SE Runtime Environment (8.0_291-b10) (build 1.8.0_291-b10)
# Java VM: Java HotSpot(TM) 64-Bit Server VM (25.291-b10 mixed mode windows-amd64 compressed oops)
Heap:
 PSYoungGen      total 76288K, used 17904K [0x000000076b400000, 0x0000000770900000, 0x00000007c0000000)
  eden space 65536K, 10% used [0x000000076b400000,0x000000076bb01020,0x000000076f400000)
  from space 10752K, 99% used [0x000000076fe80000,0x00000007708fb1c0,0x0000000770900000)
  to   space 10752K, 0% used [0x000000076f400000,0x000000076f400000,0x000000076fe80000)
 ParOldGen       total 120320K, used 3843K [0x00000006c1c00000, 0x00000006c9180000, 0x000000076b400000)
  object space 120320K, 3% used [0x00000006c1c00000,0x00000006c1fc0dd0,0x00000006c9180000)
 Metaspace       used 19802K, capacity 20756K, committed 20992K, reserved 1069056K
  class space    used 2502K, capacity 2720K, committed 2816K, reserved 1048576K
GC Heap History (6 events):
Event: 0.801 GC heap before
{Heap before GC invocations=1 (full 0):
 PSYoungGen      total 76288K, used 19720K [0x000000076b400000, 0x0000000770900000, 0x00000007c0000000)
  eden space 65536K, 30% used [0x000000076b400000,0x000000076c742200,0x000000076f400000)
  from space 10752K, 0% used [0x000000076fe80000,0x000000076fe80000,0x0000000770900000)
  to   space 10752K, 0% used [0x000000076f400000,0x000000076f400000,0x000000076fe80000)
 ParOldGen       total 175104K, used 0K [0x00000006c1c00000, 0x00000006cc700000, 0x000000076b400000)
  object space 175104K, 0% used [0x00000006c1c00000,0x00000006c1c00000,0x00000006cc700000)
 Metaspace       used 7661K, capacity 7882K, committed 7936K, reserved 1060864K
  class space    used 885K, capacity 971K, committed 1024K, reserved 1048576K
Event: 0.805 GC heap after
Heap after GC invocations=1 (full 0):
 PSYoungGen      total 76288K, used 3926K [0x000000076b400000, 0x0000000770900000, 0x00000007c0000000)
  eden space 65536K, 0% used [0x000000076b400000,0x000000076b400000,0x000000076f400000)
  from space 10752K, 36% used [0x000000076f400000,0x000000076f7d5ab0,0x000000076fe80000)
  to   space 10752K, 0% used [0x000000076fe80000,0x000000076fe80000,0x0000000770900000)
 ParOldGen       total 175104K, used 16K [0x00000006c1c00000, 0x00000006cc700000, 0x000000076b400000)
  object space 175104K, 0% used [0x00000006c1c00000,0x00000006c1c04000,0x00000006cc700000)
 Metaspace       used 7661K, capacity 7882K, committed 7936K, reserved 1060864K
  class space    used 885K, capacity 971K, committed 1024K, reserved 1048576K
}
Event: 0.805 GC heap before
{Heap before GC invocations=2 (full 1):
 PSYoungGen      total 76288K, used 3926K [0x000000076b400000, 0x0000000770900000, 0x00000007c0000000)
  eden space 65536K, 0% used [0x000000076b400000,0x000000076b400000,0x000000076f400000)
  from space 10752K, 36% used [0x000000076f400000,0x000000076f7d5ab0,0x000000076fe80000)
  to   space 10752K, 0% used [0x000000076fe80000,0x000000076fe80000,0x0000000770900000)
 ParOldGen       total 175104K, used 16K [0x00000006c1c00000, 0x00000006cc700000, 0x000000076b400000)
  object space 175104K, 0% used [0x00000006c1c00000,0x00000006c1c04000,0x00000006cc700000)
 Metaspace       used 7661K, capacity 7882K, committed 7936K, reserved 1060864K
  class space    used 885K, capacity 971K, committed 1024K, reserved 1048576K
Event: 0.818 GC heap after
Heap after GC invocations=2 (full 1):
 PSYoungGen      total 76288K, used 0K [0x000000076b400000, 0x0000000770900000, 0x00000007c0000000)
  eden space 65536K, 0% used [0x000000076b400000,0x000000076b400000,0x000000076f400000)
  from space 10752K, 0% used [0x000000076f400000,0x000000076f400000,0x000000076fe80000)
  to   space 10752K, 0% used [0x000000076fe80000,0x000000076fe80000,0x0000000770900000)
 ParOldGen       total 120320K, used 3716K [0x00000006c1c00000, 0x00000006c9180000, 0x000000076b400000)
  object space 120320K, 3% used [0x00000006c1c00000,0x00000006c1fa10a0,0x00000006c9180000)
 Metaspace       used 7661K, capacity 7882K, committed 7936K, reserved 1058816K
  class space    used 885K, capacity 971K, committed 1024K, reserved 1048576K
}
Event: 2.159 GC heap before
{Heap before GC invocations=3 (full 1):
 PSYoungGen      total 76288K, used 65536K [0x000000076b400000, 0x0000000770900000, 0x00000007c0000000)
  eden space 65536K, 100% used [0x000000076b400000,0x000000076f400000,0x000000076f400000)
  from space 10752K, 0% used [0x000000076f400000,0x000000076f400000,0x000000076fe80000)
  to   space 10752K, 0% used [0x000000076fe80000,0x000000076fe80000,0x0000000770900000)
 ParOldGen       total 120320K, used 3716K [0x00000006c1c00000, 0x00000006c9180000, 0x000000076b400000)
  object space 120320K, 3% used [0x00000006c1c00000,0x00000006c1fa10a0,0x00000006c9180000)
 Metaspace       used 19020K, capacity 19876K, committed 20096K, reserved 1069056K
  class space    used 2412K, capacity 2594K, committed 2688K, reserved 1048576K
Event: 2.169 GC heap after
Heap after GC invocations=3 (full 1):
 PSYoungGen      total 76288K, used 10732K [0x000000076b400000, 0x0000000770900000, 0x00000007c0000000)
  eden space 65536K, 0% used [0x000000076b400000,0x000000076b400000,0x000000076f400000)
  from space 10752K, 99% used [0x000000076fe80000,0x00000007708fb1c0,0x0000000770900000)
  to   space 10752K, 0% used [0x000000076f400000,0x000000076f400000,0x000000076fe80000)
 ParOldGen       total 120320K, used 3843K [0x00000006c1c00000, 0x00000006c9180000, 0x000000076b400000)
  object space 120320K, 3% used [0x00000006c1c00000,0x00000006c1fc0dd0,0x00000006c9180000)
 Metaspace       used 19020K, capacity 19876K, committed 20096K, reserved 1069056K
  class space    used 2412K, capacity 2594K, committed 2688K, reserved 1048576K
}

