# JRE version: Java(TM) SE Runtime Environment (8.0_291-b10) (build 1.8.0_291-b10)
# Java VM: Java HotSpot(TM) 64-Bit Server VM (25.291-b10 mixed mode windows-amd64 compressed oops)
Heap:
 PSYoungGen      total 138752K, used 90307K [0x000000076b400000, 0x0000000775480000, 0x00000007c0000000)
  eden space 128000K, 62% used [0x000000076b400000,0x0000000770253f60,0x0000000773100000)
  from space 10752K, 93% used [0x0000000773100000,0x0000000773adcf68,0x0000000773b80000)
  to   space 14848K, 0% used [0x0000000774600000,0x0000000774600000,0x0000000775480000)
 ParOldGen       total 119808K, used 12732K [0x00000006c1c00000, 0x00000006c9100000, 0x000000076b400000)
  object space 119808K, 10% used [0x00000006c1c00000,0x00000006c286f0c8,0x00000006c9100000)
 Metaspace       used 24362K, capacity 25484K, committed 25728K, reserved 1071104K
  class space    used 2828K, capacity 3090K, committed 3200K, reserved 1048576K
GC Heap History (10 events):
Event: 2.570 GC heap before
{Heap before GC invocations=2 (full 0):
 PSYoungGen      total 76288K, used 75702K [0x000000076b400000, 0x0000000770900000, 0x00000007c0000000)
  eden space 65536K, 100% used [0x000000076b400000,0x000000076f400000,0x000000076f400000)
  from space 10752K, 94% used [0x000000076f400000,0x000000076fdedad8,0x000000076fe80000)
  to   space 10752K, 0% used [0x000000076fe80000,0x000000076fe80000,0x0000000770900000)
 ParOldGen       total 175104K, used 16K [0x00000006c1c00000, 0x00000006cc700000, 0x000000076b400000)
  object space 175104K, 0% used [0x00000006c1c00000,0x00000006c1c04000,0x00000006cc700000)
 Metaspace       used 19054K, capacity 19668K, committed 19968K, reserved 1067008K
  class space    used 2359K, capacity 2529K, committed 2560K, reserved 1048576K
Event: 2.588 GC heap after
Heap after GC invocations=2 (full 0):
 PSYoungGen      total 76288K, used 10723K [0x000000076b400000, 0x0000000774900000, 0x00000007c0000000)
  eden space 65536K, 0% used [0x000000076b400000,0x000000076b400000,0x000000076f400000)
  from space 10752K, 99% used [0x000000076fe80000,0x00000007708f8c18,0x0000000770900000)
  to   space 10752K, 0% used [0x000000076f400000,0x000000076f400000,0x000000076fe80000)
 ParOldGen       total 175104K, used 2654K [0x00000006c1c00000, 0x00000006cc700000, 0x000000076b400000)
  object space 175104K, 1% used [0x00000006c1c00000,0x00000006c1e97b20,0x00000006cc700000)
 Metaspace       used 19054K, capacity 19668K, committed 19968K, reserved 1067008K
  class space    used 2359K, capacity 2529K, committed 2560K, reserved 1048576K
}
Event: 3.262 GC heap before
{Heap before GC invocations=3 (full 0):
 PSYoungGen      total 76288K, used 50097K [0x000000076b400000, 0x0000000774900000, 0x00000007c0000000)
  eden space 65536K, 60% used [0x000000076b400000,0x000000076da73ba8,0x000000076f400000)
  from space 10752K, 99% used [0x000000076fe80000,0x00000007708f8c18,0x0000000770900000)
  to   space 10752K, 0% used [0x000000076f400000,0x000000076f400000,0x000000076fe80000)
 ParOldGen       total 175104K, used 2654K [0x00000006c1c00000, 0x00000006cc700000, 0x000000076b400000)
  object space 175104K, 1% used [0x00000006c1c00000,0x00000006c1e97b20,0x00000006cc700000)
 Metaspace       used 20385K, capacity 21076K, committed 21248K, reserved 1067008K
  class space    used 2516K, capacity 2689K, committed 2816K, reserved 1048576K
Event: 3.273 GC heap after
Heap after GC invocations=3 (full 0):
 PSYoungGen      total 76288K, used 10744K [0x000000076b400000, 0x0000000774900000, 0x00000007c0000000)
  eden space 65536K, 0% used [0x000000076b400000,0x000000076b400000,0x000000076f400000)
  from space 10752K, 99% used [0x000000076f400000,0x000000076fe7e060,0x000000076fe80000)
  to   space 10752K, 0% used [0x0000000773e80000,0x0000000773e80000,0x0000000774900000)
 ParOldGen       total 175104K, used 4815K [0x00000006c1c00000, 0x00000006cc700000, 0x000000076b400000)
  object space 175104K, 2% used [0x00000006c1c00000,0x00000006c20b3c98,0x00000006cc700000)
 Metaspace       used 20385K, capacity 21076K, committed 21248K, reserved 1067008K
  class space    used 2516K, capacity 2689K, committed 2816K, reserved 1048576K
}
Event: 3.273 GC heap before
{Heap before GC invocations=4 (full 1):
 PSYoungGen      total 76288K, used 10744K [0x000000076b400000, 0x0000000774900000, 0x00000007c0000000)
  eden space 65536K, 0% used [0x000000076b400000,0x000000076b400000,0x000000076f400000)
  from space 10752K, 99% used [0x000000076f400000,0x000000076fe7e060,0x000000076fe80000)
  to   space 10752K, 0% used [0x0000000773e80000,0x0000000773e80000,0x0000000774900000)
 ParOldGen       total 175104K, used 4815K [0x00000006c1c00000, 0x00000006cc700000, 0x000000076b400000)
  object space 175104K, 2% used [0x00000006c1c00000,0x00000006c20b3c98,0x00000006cc700000)
 Metaspace       used 20385K, capacity 21076K, committed 21248K, reserved 1067008K
  class space    used 2516K, capacity 2689K, committed 2816K, reserved 1048576K
Event: 3.326 GC heap after
Heap after GC invocations=4 (full 1):
 PSYoungGen      total 76288K, used 0K [0x000000076b400000, 0x0000000774900000, 0x00000007c0000000)
  eden space 65536K, 0% used [0x000000076b400000,0x000000076b400000,0x000000076f400000)
  from space 10752K, 0% used [0x000000076f400000,0x000000076f400000,0x000000076fe80000)
  to   space 10752K, 0% used [0x0000000773e80000,0x0000000773e80000,0x0000000774900000)
 ParOldGen       total 119808K, used 12716K [0x00000006c1c00000, 0x00000006c9100000, 0x000000076b400000)
  object space 119808K, 10% used [0x00000006c1c00000,0x00000006c286b0c8,0x00000006c9100000)
 Metaspace       used 20385K, capacity 21076K, committed 21248K, reserved 1067008K
  class space    used 2516K, capacity 2689K, committed 2816K, reserved 1048576K
}
Event: 4.183 GC heap before
{Heap before GC invocations=5 (full 1):
 PSYoungGen      total 76288K, used 65536K [0x000000076b400000, 0x0000000774900000, 0x00000007c0000000)
  eden space 65536K, 100% used [0x000000076b400000,0x000000076f400000,0x000000076f400000)
  from space 10752K, 0% used [0x000000076f400000,0x000000076f400000,0x000000076fe80000)
  to   space 10752K, 0% used [0x0000000773e80000,0x0000000773e80000,0x0000000774900000)
 ParOldGen       total 119808K, used 12716K [0x00000006c1c00000, 0x00000006c9100000, 0x000000076b400000)
  object space 119808K, 10% used [0x00000006c1c00000,0x00000006c286b0c8,0x00000006c9100000)
 Metaspace       used 21244K, capacity 22130K, committed 22272K, reserved 1069056K
  class space    used 2557K, capacity 2770K, committed 2816K, reserved 1048576K
Event: 4.193 GC heap after
Heap after GC invocations=5 (full 1):
 PSYoungGen      total 100864K, used 7221K [0x000000076b400000, 0x0000000774600000, 0x00000007c0000000)
  eden space 93184K, 0% used [0x000000076b400000,0x000000076b400000,0x0000000770f00000)
  from space 7680K, 94% used [0x0000000773e80000,0x000000077458d478,0x0000000774600000)
  to   space 10752K, 0% used [0x0000000773100000,0x0000000773100000,0x0000000773b80000)
 ParOldGen       total 119808K, used 12724K [0x00000006c1c00000, 0x00000006c9100000, 0x000000076b400000)
  object space 119808K, 10% used [0x00000006c1c00000,0x00000006c286d0c8,0x00000006c9100000)
 Metaspace       used 21244K, capacity 22130K, committed 22272K, reserved 1069056K
  class space    used 2557K, capacity 2770K, committed 2816K, reserved 1048576K
}
Event: 5.035 GC heap before
{Heap before GC invocations=6 (full 1):
 PSYoungGen      total 100864K, used 100405K [0x000000076b400000, 0x0000000774600000, 0x00000007c0000000)
  eden space 93184K, 100% used [0x000000076b400000,0x0000000770f00000,0x0000000770f00000)
  from space 7680K, 94% used [0x0000000773e80000,0x000000077458d478,0x0000000774600000)
  to   space 10752K, 0% used [0x0000000773100000,0x0000000773100000,0x0000000773b80000)
 ParOldGen       total 119808K, used 12724K [0x00000006c1c00000, 0x00000006c9100000, 0x000000076b400000)
  object space 119808K, 10% used [0x00000006c1c00000,0x00000006c286d0c8,0x00000006c9100000)
 Metaspace       used 22124K, capacity 23078K, committed 23424K, reserved 1069056K
  class space    used 2615K, capacity 2850K, committed 2944K, reserved 1048576K
Event: 5.049 GC heap after
Heap after GC invocations=6 (full 1):
 PSYoungGen      total 138752K, used 10099K [0x000000076b400000, 0x0000000775480000, 0x00000007c0000000)
  eden space 128000K, 0% used [0x000000076b400000,0x000000076b400000,0x0000000773100000)
  from space 10752K, 93% used [0x0000000773100000,0x0000000773adcf68,0x0000000773b80000)
  to   space 14848K, 0% used [0x0000000774600000,0x0000000774600000,0x0000000775480000)
 ParOldGen       total 119808K, used 12732K [0x00000006c1c00000, 0x00000006c9100000, 0x000000076b400000)
  object space 119808K, 10% used [0x00000006c1c00000,0x00000006c286f0c8,0x00000006c9100000)
 Metaspace       used 22124K, capacity 23078K, committed 23424K, reserved 1069056K
  class space    used 2615K, capacity 2850K, committed 2944K, reserved 1048576K
}

