# JRE version: Java(TM) SE Runtime Environment (8.0_291-b10) (build 1.8.0_291-b10)
# Java VM: Java HotSpot(TM) 64-Bit Server VM (25.291-b10 mixed mode windows-amd64 compressed oops)
Heap:
 PSYoungGen      total 76288K, used 23457K [0x000000076b400000, 0x0000000772280000, 0x00000007c0000000)
  eden space 65536K, 24% used [0x000000076b400000,0x000000076c385330,0x000000076f400000)
  from space 10752K, 70% used [0x000000076f400000,0x000000076fb63128,0x000000076fe80000)
  to   space 10752K, 0% used [0x0000000771800000,0x0000000771800000,0x0000000772280000)
 ParOldGen       total 112640K, used 9122K [0x00000006c1c00000, 0x00000006c8a00000, 0x000000076b400000)
  object space 112640K, 8% used [0x00000006c1c00000,0x00000006c24e8908,0x00000006c8a00000)
 Metaspace       used 25607K, capacity 27480K, committed 27520K, reserved 1073152K
  class space    used 3354K, capacity 3702K, committed 3712K, reserved 1048576K
GC Heap History (8 events):
Event: 1.195 GC heap before
{Heap before GC invocations=1 (full 0):
 PSYoungGen      total 76288K, used 65536K [0x000000076b400000, 0x0000000770900000, 0x00000007c0000000)
  eden space 65536K, 100% used [0x000000076b400000,0x000000076f400000,0x000000076f400000)
  from space 10752K, 0% used [0x000000076fe80000,0x000000076fe80000,0x0000000770900000)
  to   space 10752K, 0% used [0x000000076f400000,0x000000076f400000,0x000000076fe80000)
 ParOldGen       total 175104K, used 0K [0x00000006c1c00000, 0x00000006cc700000, 0x000000076b400000)
  object space 175104K, 0% used [0x00000006c1c00000,0x00000006c1c00000,0x00000006cc700000)
 Metaspace       used 14194K, capacity 15202K, committed 15360K, reserved 1062912K
  class space    used 1787K, capacity 1989K, committed 2048K, reserved 1048576K
Event: 1.205 GC heap after
Heap after GC invocations=1 (full 0):
 PSYoungGen      total 76288K, used 9009K [0x000000076b400000, 0x0000000770900000, 0x00000007c0000000)
  eden space 65536K, 0% used [0x000000076b400000,0x000000076b400000,0x000000076f400000)
  from space 10752K, 83% used [0x000000076f400000,0x000000076fccc638,0x000000076fe80000)
  to   space 10752K, 0% used [0x000000076fe80000,0x000000076fe80000,0x0000000770900000)
 ParOldGen       total 175104K, used 16K [0x00000006c1c00000, 0x00000006cc700000, 0x000000076b400000)
  object space 175104K, 0% used [0x00000006c1c00000,0x00000006c1c04000,0x00000006cc700000)
 Metaspace       used 14194K, capacity 15202K, committed 15360K, reserved 1062912K
  class space    used 1787K, capacity 1989K, committed 2048K, reserved 1048576K
}
Event: 2.118 GC heap before
{Heap before GC invocations=2 (full 0):
 PSYoungGen      total 76288K, used 55038K [0x000000076b400000, 0x0000000770900000, 0x00000007c0000000)
  eden space 65536K, 70% used [0x000000076b400000,0x000000076e0f34f0,0x000000076f400000)
  from space 10752K, 83% used [0x000000076f400000,0x000000076fccc638,0x000000076fe80000)
  to   space 10752K, 0% used [0x000000076fe80000,0x000000076fe80000,0x0000000770900000)
 ParOldGen       total 175104K, used 16K [0x00000006c1c00000, 0x00000006cc700000, 0x000000076b400000)
  object space 175104K, 0% used [0x00000006c1c00000,0x00000006c1c04000,0x00000006cc700000)
 Metaspace       used 19677K, capacity 21166K, committed 21296K, reserved 1067008K
  class space    used 2557K, capacity 2863K, committed 2944K, reserved 1048576K
Event: 2.125 GC heap after
Heap after GC invocations=2 (full 0):
 PSYoungGen      total 76288K, used 9633K [0x000000076b400000, 0x0000000770900000, 0x00000007c0000000)
  eden space 65536K, 0% used [0x000000076b400000,0x000000076b400000,0x000000076f400000)
  from space 10752K, 89% used [0x000000076fe80000,0x00000007707e84b0,0x0000000770900000)
  to   space 10752K, 0% used [0x000000076f400000,0x000000076f400000,0x000000076fe80000)
 ParOldGen       total 175104K, used 24K [0x00000006c1c00000, 0x00000006cc700000, 0x000000076b400000)
  object space 175104K, 0% used [0x00000006c1c00000,0x00000006c1c06000,0x00000006cc700000)
 Metaspace       used 19677K, capacity 21166K, committed 21296K, reserved 1067008K
  class space    used 2557K, capacity 2863K, committed 2944K, reserved 1048576K
}
Event: 2.125 GC heap before
{Heap before GC invocations=3 (full 1):
 PSYoungGen      total 76288K, used 9633K [0x000000076b400000, 0x0000000770900000, 0x00000007c0000000)
  eden space 65536K, 0% used [0x000000076b400000,0x000000076b400000,0x000000076f400000)
  from space 10752K, 89% used [0x000000076fe80000,0x00000007707e84b0,0x0000000770900000)
  to   space 10752K, 0% used [0x000000076f400000,0x000000076f400000,0x000000076fe80000)
 ParOldGen       total 175104K, used 24K [0x00000006c1c00000, 0x00000006cc700000, 0x000000076b400000)
  object space 175104K, 0% used [0x00000006c1c00000,0x00000006c1c06000,0x00000006cc700000)
 Metaspace       used 19677K, capacity 21166K, committed 21296K, reserved 1067008K
  class space    used 2557K, capacity 2863K, committed 2944K, reserved 1048576K
Event: 2.149 GC heap after
Heap after GC invocations=3 (full 1):
 PSYoungGen      total 76288K, used 0K [0x000000076b400000, 0x0000000770900000, 0x00000007c0000000)
  eden space 65536K, 0% used [0x000000076b400000,0x000000076b400000,0x000000076f400000)
  from space 10752K, 0% used [0x000000076fe80000,0x000000076fe80000,0x0000000770900000)
  to   space 10752K, 0% used [0x000000076f400000,0x000000076f400000,0x000000076fe80000)
 ParOldGen       total 112640K, used 9114K [0x00000006c1c00000, 0x00000006c8a00000, 0x000000076b400000)
  object space 112640K, 8% used [0x00000006c1c00000,0x00000006c24e6908,0x00000006c8a00000)
 Metaspace       used 19677K, capacity 21166K, committed 21296K, reserved 1067008K
  class space    used 2557K, capacity 2863K, committed 2944K, reserved 1048576K
}
Event: 2.685 GC heap before
{Heap before GC invocations=4 (full 1):
 PSYoungGen      total 76288K, used 65536K [0x000000076b400000, 0x0000000770900000, 0x00000007c0000000)
  eden space 65536K, 100% used [0x000000076b400000,0x000000076f400000,0x000000076f400000)
  from space 10752K, 0% used [0x000000076fe80000,0x000000076fe80000,0x0000000770900000)
  to   space 10752K, 0% used [0x000000076f400000,0x000000076f400000,0x000000076fe80000)
 ParOldGen       total 112640K, used 9114K [0x00000006c1c00000, 0x00000006c8a00000, 0x000000076b400000)
  object space 112640K, 8% used [0x00000006c1c00000,0x00000006c24e6908,0x00000006c8a00000)
 Metaspace       used 24760K, capacity 26616K, committed 26752K, reserved 1073152K
  class space    used 3243K, capacity 3598K, committed 3712K, reserved 1048576K
Event: 2.688 GC heap after
Heap after GC invocations=4 (full 1):
 PSYoungGen      total 76288K, used 7564K [0x000000076b400000, 0x0000000772280000, 0x00000007c0000000)
  eden space 65536K, 0% used [0x000000076b400000,0x000000076b400000,0x000000076f400000)
  from space 10752K, 70% used [0x000000076f400000,0x000000076fb63128,0x000000076fe80000)
  to   space 10752K, 0% used [0x0000000771800000,0x0000000771800000,0x0000000772280000)
 ParOldGen       total 112640K, used 9122K [0x00000006c1c00000, 0x00000006c8a00000, 0x000000076b400000)
  object space 112640K, 8% used [0x00000006c1c00000,0x00000006c24e8908,0x00000006c8a00000)
 Metaspace       used 24760K, capacity 26616K, committed 26752K, reserved 1073152K
  class space    used 3243K, capacity 3598K, committed 3712K, reserved 1048576K
}

