# JRE version: Java(TM) SE Runtime Environment (8.0_291-b10) (build 1.8.0_291-b10)
# Java VM: Java HotSpot(TM) 64-Bit Server VM (25.291-b10 mixed mode windows-amd64 compressed oops)
Heap:
 PSYoungGen      total 76288K, used 10972K [0x000000076b400000, 0x0000000772580000, 0x00000007c0000000)
  eden space 65536K, 5% used [0x000000076b400000,0x000000076b76c108,0x000000076f400000)
  from space 10752K, 69% used [0x000000076f400000,0x000000076fb4b250,0x000000076fe80000)
  to   space 10752K, 0% used [0x0000000771b00000,0x0000000771b00000,0x0000000772580000)
 ParOldGen       total 114176K, used 9146K [0x00000006c1c00000, 0x00000006c8b80000, 0x000000076b400000)
  object space 114176K, 8% used [0x00000006c1c00000,0x00000006c24ee958,0x00000006c8b80000)
 Metaspace       used 25078K, capacity 26840K, committed 27008K, reserved 1073152K
  class space    used 3282K, capacity 3630K, committed 3712K, reserved 1048576K
GC Heap History (8 events):
Event: 1.279 GC heap before
{Heap before GC invocations=1 (full 0):
 PSYoungGen      total 76288K, used 65536K [0x000000076b400000, 0x0000000770900000, 0x00000007c0000000)
  eden space 65536K, 100% used [0x000000076b400000,0x000000076f400000,0x000000076f400000)
  from space 10752K, 0% used [0x000000076fe80000,0x000000076fe80000,0x0000000770900000)
  to   space 10752K, 0% used [0x000000076f400000,0x000000076f400000,0x000000076fe80000)
 ParOldGen       total 175104K, used 0K [0x00000006c1c00000, 0x00000006cc700000, 0x000000076b400000)
  object space 175104K, 0% used [0x00000006c1c00000,0x00000006c1c00000,0x00000006cc700000)
 Metaspace       used 14195K, capacity 15202K, committed 15360K, reserved 1062912K
  class space    used 1783K, capacity 1989K, committed 2048K, reserved 1048576K
Event: 1.288 GC heap after
Heap after GC invocations=1 (full 0):
 PSYoungGen      total 76288K, used 9024K [0x000000076b400000, 0x0000000770900000, 0x00000007c0000000)
  eden space 65536K, 0% used [0x000000076b400000,0x000000076b400000,0x000000076f400000)
  from space 10752K, 83% used [0x000000076f400000,0x000000076fcd02d8,0x000000076fe80000)
  to   space 10752K, 0% used [0x000000076fe80000,0x000000076fe80000,0x0000000770900000)
 ParOldGen       total 175104K, used 16K [0x00000006c1c00000, 0x00000006cc700000, 0x000000076b400000)
  object space 175104K, 0% used [0x00000006c1c00000,0x00000006c1c04000,0x00000006cc700000)
 Metaspace       used 14195K, capacity 15202K, committed 15360K, reserved 1062912K
  class space    used 1783K, capacity 1989K, committed 2048K, reserved 1048576K
}
Event: 2.538 GC heap before
{Heap before GC invocations=2 (full 0):
 PSYoungGen      total 76288K, used 54745K [0x000000076b400000, 0x0000000770900000, 0x00000007c0000000)
  eden space 65536K, 69% used [0x000000076b400000,0x000000076e0a64f8,0x000000076f400000)
  from space 10752K, 83% used [0x000000076f400000,0x000000076fcd02d8,0x000000076fe80000)
  to   space 10752K, 0% used [0x000000076fe80000,0x000000076fe80000,0x0000000770900000)
 ParOldGen       total 175104K, used 16K [0x00000006c1c00000, 0x00000006cc700000, 0x000000076b400000)
  object space 175104K, 0% used [0x00000006c1c00000,0x00000006c1c04000,0x00000006cc700000)
 Metaspace       used 19665K, capacity 21166K, committed 21296K, reserved 1067008K
  class space    used 2557K, capacity 2863K, committed 2944K, reserved 1048576K
Event: 2.552 GC heap after
Heap after GC invocations=2 (full 0):
 PSYoungGen      total 76288K, used 9486K [0x000000076b400000, 0x0000000770900000, 0x00000007c0000000)
  eden space 65536K, 0% used [0x000000076b400000,0x000000076b400000,0x000000076f400000)
  from space 10752K, 88% used [0x000000076fe80000,0x00000007707c3840,0x0000000770900000)
  to   space 10752K, 0% used [0x000000076f400000,0x000000076f400000,0x000000076fe80000)
 ParOldGen       total 175104K, used 24K [0x00000006c1c00000, 0x00000006cc700000, 0x000000076b400000)
  object space 175104K, 0% used [0x00000006c1c00000,0x00000006c1c06000,0x00000006cc700000)
 Metaspace       used 19665K, capacity 21166K, committed 21296K, reserved 1067008K
  class space    used 2557K, capacity 2863K, committed 2944K, reserved 1048576K
}
Event: 2.552 GC heap before
{Heap before GC invocations=3 (full 1):
 PSYoungGen      total 76288K, used 9486K [0x000000076b400000, 0x0000000770900000, 0x00000007c0000000)
  eden space 65536K, 0% used [0x000000076b400000,0x000000076b400000,0x000000076f400000)
  from space 10752K, 88% used [0x000000076fe80000,0x00000007707c3840,0x0000000770900000)
  to   space 10752K, 0% used [0x000000076f400000,0x000000076f400000,0x000000076fe80000)
 ParOldGen       total 175104K, used 24K [0x00000006c1c00000, 0x00000006cc700000, 0x000000076b400000)
  object space 175104K, 0% used [0x00000006c1c00000,0x00000006c1c06000,0x00000006cc700000)
 Metaspace       used 19665K, capacity 21166K, committed 21296K, reserved 1067008K
  class space    used 2557K, capacity 2863K, committed 2944K, reserved 1048576K
Event: 2.585 GC heap after
Heap after GC invocations=3 (full 1):
 PSYoungGen      total 76288K, used 0K [0x000000076b400000, 0x0000000770900000, 0x00000007c0000000)
  eden space 65536K, 0% used [0x000000076b400000,0x000000076b400000,0x000000076f400000)
  from space 10752K, 0% used [0x000000076fe80000,0x000000076fe80000,0x0000000770900000)
  to   space 10752K, 0% used [0x000000076f400000,0x000000076f400000,0x000000076fe80000)
 ParOldGen       total 114176K, used 9138K [0x00000006c1c00000, 0x00000006c8b80000, 0x000000076b400000)
  object space 114176K, 8% used [0x00000006c1c00000,0x00000006c24ec958,0x00000006c8b80000)
 Metaspace       used 19665K, capacity 21166K, committed 21296K, reserved 1067008K
  class space    used 2557K, capacity 2863K, committed 2944K, reserved 1048576K
}
Event: 3.262 GC heap before
{Heap before GC invocations=4 (full 1):
 PSYoungGen      total 76288K, used 65536K [0x000000076b400000, 0x0000000770900000, 0x00000007c0000000)
  eden space 65536K, 100% used [0x000000076b400000,0x000000076f400000,0x000000076f400000)
  from space 10752K, 0% used [0x000000076fe80000,0x000000076fe80000,0x0000000770900000)
  to   space 10752K, 0% used [0x000000076f400000,0x000000076f400000,0x000000076fe80000)
 ParOldGen       total 114176K, used 9138K [0x00000006c1c00000, 0x00000006c8b80000, 0x000000076b400000)
  object space 114176K, 8% used [0x00000006c1c00000,0x00000006c24ec958,0x00000006c8b80000)
 Metaspace       used 24720K, capacity 26484K, committed 26752K, reserved 1073152K
  class space    used 3242K, capacity 3598K, committed 3712K, reserved 1048576K
Event: 3.271 GC heap after
Heap after GC invocations=4 (full 1):
 PSYoungGen      total 76288K, used 7468K [0x000000076b400000, 0x0000000772580000, 0x00000007c0000000)
  eden space 65536K, 0% used [0x000000076b400000,0x000000076b400000,0x000000076f400000)
  from space 10752K, 69% used [0x000000076f400000,0x000000076fb4b250,0x000000076fe80000)
  to   space 10752K, 0% used [0x0000000771b00000,0x0000000771b00000,0x0000000772580000)
 ParOldGen       total 114176K, used 9146K [0x00000006c1c00000, 0x00000006c8b80000, 0x000000076b400000)
  object space 114176K, 8% used [0x00000006c1c00000,0x00000006c24ee958,0x00000006c8b80000)
 Metaspace       used 24720K, capacity 26484K, committed 26752K, reserved 1073152K
  class space    used 3242K, capacity 3598K, committed 3712K, reserved 1048576K
}

