# JRE version: Java(TM) SE Runtime Environment (8.0_291-b10) (build 1.8.0_291-b10)
# Java VM: Java HotSpot(TM) 64-Bit Server VM (25.291-b10 mixed mode windows-amd64 compressed oops)
Heap:
 PSYoungGen      total 101376K, used 10275K [0x000000076b400000, 0x0000000772580000, 0x00000007c0000000)
  eden space 90624K, 11% used [0x000000076b400000,0x000000076be08f98,0x0000000770c80000)
  from space 10752K, 0% used [0x0000000771700000,0x0000000771700000,0x0000000772180000)
  to   space 10752K, 0% used [0x0000000770c80000,0x0000000770c80000,0x0000000771700000)
 ParOldGen       total 115712K, used 14588K [0x00000006c1c00000, 0x00000006c8d00000, 0x000000076b400000)
  object space 115712K, 12% used [0x00000006c1c00000,0x00000006c2a3f3d8,0x00000006c8d00000)
 Metaspace       used 32838K, capacity 35480K, committed 35584K, reserved 1079296K
  class space    used 4323K, capacity 4780K, committed 4864K, reserved 1048576K
GC Heap History (10 events):
Event: 3.262 GC heap before
{Heap before GC invocations=4 (full 1):
 PSYoungGen      total 76288K, used 65536K [0x000000076b400000, 0x0000000770900000, 0x00000007c0000000)
  eden space 65536K, 100% used [0x000000076b400000,0x000000076f400000,0x000000076f400000)
  from space 10752K, 0% used [0x000000076fe80000,0x000000076fe80000,0x0000000770900000)
  to   space 10752K, 0% used [0x000000076f400000,0x000000076f400000,0x000000076fe80000)
 ParOldGen       total 115712K, used 9177K [0x00000006c1c00000, 0x00000006c8d00000, 0x000000076b400000)
  object space 115712K, 7% used [0x00000006c1c00000,0x00000006c24f6790,0x00000006c8d00000)
 Metaspace       used 24729K, capacity 26556K, committed 26752K, reserved 1073152K
  class space    used 3239K, capacity 3598K, committed 3712K, reserved 1048576K
Event: 3.268 GC heap after
Heap after GC invocations=4 (full 1):
 PSYoungGen      total 76288K, used 7405K [0x000000076b400000, 0x0000000772180000, 0x00000007c0000000)
  eden space 65536K, 0% used [0x000000076b400000,0x000000076b400000,0x000000076f400000)
  from space 10752K, 68% used [0x000000076f400000,0x000000076fb3b5a0,0x000000076fe80000)
  to   space 10752K, 0% used [0x0000000771700000,0x0000000771700000,0x0000000772180000)
 ParOldGen       total 115712K, used 9185K [0x00000006c1c00000, 0x00000006c8d00000, 0x000000076b400000)
  object space 115712K, 7% used [0x00000006c1c00000,0x00000006c24f8790,0x00000006c8d00000)
 Metaspace       used 24729K, capacity 26556K, committed 26752K, reserved 1073152K
  class space    used 3239K, capacity 3598K, committed 3712K, reserved 1048576K
}
Event: 4.545 GC heap before
{Heap before GC invocations=5 (full 1):
 PSYoungGen      total 76288K, used 72941K [0x000000076b400000, 0x0000000772180000, 0x00000007c0000000)
  eden space 65536K, 100% used [0x000000076b400000,0x000000076f400000,0x000000076f400000)
  from space 10752K, 68% used [0x000000076f400000,0x000000076fb3b5a0,0x000000076fe80000)
  to   space 10752K, 0% used [0x0000000771700000,0x0000000771700000,0x0000000772180000)
 ParOldGen       total 115712K, used 9185K [0x00000006c1c00000, 0x00000006c8d00000, 0x000000076b400000)
  object space 115712K, 7% used [0x00000006c1c00000,0x00000006c24f8790,0x00000006c8d00000)
 Metaspace       used 28530K, capacity 30960K, committed 31104K, reserved 1077248K
  class space    used 3750K, capacity 4204K, committed 4224K, reserved 1048576K
Event: 4.566 GC heap after
Heap after GC invocations=5 (full 1):
 PSYoungGen      total 101376K, used 7649K [0x000000076b400000, 0x0000000772580000, 0x00000007c0000000)
  eden space 90624K, 0% used [0x000000076b400000,0x000000076b400000,0x0000000770c80000)
  from space 10752K, 71% used [0x0000000771700000,0x0000000771e784a8,0x0000000772180000)
  to   space 10752K, 0% used [0x0000000770c80000,0x0000000770c80000,0x0000000771700000)
 ParOldGen       total 115712K, used 9193K [0x00000006c1c00000, 0x00000006c8d00000, 0x000000076b400000)
  object space 115712K, 7% used [0x00000006c1c00000,0x00000006c24fa790,0x00000006c8d00000)
 Metaspace       used 28530K, capacity 30960K, committed 31104K, reserved 1077248K
  class space    used 3750K, capacity 4204K, committed 4224K, reserved 1048576K
}
Event: 6.404 GC heap before
{Heap before GC invocations=6 (full 1):
 PSYoungGen      total 101376K, used 98273K [0x000000076b400000, 0x0000000772580000, 0x00000007c0000000)
  eden space 90624K, 100% used [0x000000076b400000,0x0000000770c80000,0x0000000770c80000)
  from space 10752K, 71% used [0x0000000771700000,0x0000000771e784a8,0x0000000772180000)
  to   space 10752K, 0% used [0x0000000770c80000,0x0000000770c80000,0x0000000771700000)
 ParOldGen       total 115712K, used 9193K [0x00000006c1c00000, 0x00000006c8d00000, 0x000000076b400000)
  object space 115712K, 7% used [0x00000006c1c00000,0x00000006c24fa790,0x00000006c8d00000)
 Metaspace       used 32668K, capacity 35310K, committed 35496K, reserved 1079296K
  class space    used 4298K, capacity 4747K, committed 4864K, reserved 1048576K
Event: 6.418 GC heap after
Heap after GC invocations=6 (full 1):
 PSYoungGen      total 101376K, used 10751K [0x000000076b400000, 0x0000000772580000, 0x00000007c0000000)
  eden space 90624K, 0% used [0x000000076b400000,0x000000076b400000,0x0000000770c80000)
  from space 10752K, 99% used [0x0000000770c80000,0x00000007716ffe00,0x0000000771700000)
  to   space 10752K, 0% used [0x0000000771700000,0x0000000771700000,0x0000000772180000)
 ParOldGen       total 115712K, used 10207K [0x00000006c1c00000, 0x00000006c8d00000, 0x000000076b400000)
  object space 115712K, 8% used [0x00000006c1c00000,0x00000006c25f7e50,0x00000006c8d00000)
 Metaspace       used 32668K, capacity 35310K, committed 35496K, reserved 1079296K
  class space    used 4298K, capacity 4747K, committed 4864K, reserved 1048576K
}
Event: 6.501 GC heap before
{Heap before GC invocations=7 (full 1):
 PSYoungGen      total 101376K, used 17385K [0x000000076b400000, 0x0000000772580000, 0x00000007c0000000)
  eden space 90624K, 7% used [0x000000076b400000,0x000000076ba7a620,0x0000000770c80000)
  from space 10752K, 99% used [0x0000000770c80000,0x00000007716ffe00,0x0000000771700000)
  to   space 10752K, 0% used [0x0000000771700000,0x0000000771700000,0x0000000772180000)
 ParOldGen       total 115712K, used 10207K [0x00000006c1c00000, 0x00000006c8d00000, 0x000000076b400000)
  object space 115712K, 8% used [0x00000006c1c00000,0x00000006c25f7e50,0x00000006c8d00000)
 Metaspace       used 32758K, capacity 35410K, committed 35496K, reserved 1079296K
  class space    used 4310K, capacity 4779K, committed 4864K, reserved 1048576K
Event: 6.507 GC heap after
Heap after GC invocations=7 (full 1):
 PSYoungGen      total 101376K, used 9588K [0x000000076b400000, 0x0000000772580000, 0x00000007c0000000)
  eden space 90624K, 0% used [0x000000076b400000,0x000000076b400000,0x0000000770c80000)
  from space 10752K, 89% used [0x0000000771700000,0x000000077205d030,0x0000000772180000)
  to   space 10752K, 0% used [0x0000000770c80000,0x0000000770c80000,0x0000000771700000)
 ParOldGen       total 115712K, used 10215K [0x00000006c1c00000, 0x00000006c8d00000, 0x000000076b400000)
  object space 115712K, 8% used [0x00000006c1c00000,0x00000006c25f9e50,0x00000006c8d00000)
 Metaspace       used 32758K, capacity 35410K, committed 35496K, reserved 1079296K
  class space    used 4310K, capacity 4779K, committed 4864K, reserved 1048576K
}
Event: 6.507 GC heap before
{Heap before GC invocations=8 (full 2):
 PSYoungGen      total 101376K, used 9588K [0x000000076b400000, 0x0000000772580000, 0x00000007c0000000)
  eden space 90624K, 0% used [0x000000076b400000,0x000000076b400000,0x0000000770c80000)
  from space 10752K, 89% used [0x0000000771700000,0x000000077205d030,0x0000000772180000)
  to   space 10752K, 0% used [0x0000000770c80000,0x0000000770c80000,0x0000000771700000)
 ParOldGen       total 115712K, used 10215K [0x00000006c1c00000, 0x00000006c8d00000, 0x000000076b400000)
  object space 115712K, 8% used [0x00000006c1c00000,0x00000006c25f9e50,0x00000006c8d00000)
 Metaspace       used 32758K, capacity 35410K, committed 35496K, reserved 1079296K
  class space    used 4310K, capacity 4779K, committed 4864K, reserved 1048576K
Event: 6.548 GC heap after
Heap after GC invocations=8 (full 2):
 PSYoungGen      total 101376K, used 0K [0x000000076b400000, 0x0000000772580000, 0x00000007c0000000)
  eden space 90624K, 0% used [0x000000076b400000,0x000000076b400000,0x0000000770c80000)
  from space 10752K, 0% used [0x0000000771700000,0x0000000771700000,0x0000000772180000)
  to   space 10752K, 0% used [0x0000000770c80000,0x0000000770c80000,0x0000000771700000)
 ParOldGen       total 115712K, used 14588K [0x00000006c1c00000, 0x00000006c8d00000, 0x000000076b400000)
  object space 115712K, 12% used [0x00000006c1c00000,0x00000006c2a3f3d8,0x00000006c8d00000)
 Metaspace       used 32758K, capacity 35410K, committed 35496K, reserved 1079296K
  class space    used 4310K, capacity 4779K, committed 4864K, reserved 1048576K
}

