# JRE version: Java(TM) SE Runtime Environment (8.0_291-b10) (build 1.8.0_291-b10)
# Java VM: Java HotSpot(TM) 64-Bit Server VM (25.291-b10 mixed mode windows-amd64 compressed oops)
Heap:
 PSYoungGen      total 76288K, used 32226K [0x000000076b400000, 0x0000000772080000, 0x00000007c0000000)
  eden space 65536K, 37% used [0x000000076b400000,0x000000076cc21aa0,0x000000076f400000)
  from space 10752K, 69% used [0x000000076f400000,0x000000076fb570c0,0x000000076fe80000)
  to   space 10752K, 0% used [0x0000000771600000,0x0000000771600000,0x0000000772080000)
 ParOldGen       total 116736K, used 9122K [0x00000006c1c00000, 0x00000006c8e00000, 0x000000076b400000)
  object space 116736K, 7% used [0x00000006c1c00000,0x00000006c24e88c8,0x00000006c8e00000)
 Metaspace       used 26722K, capacity 28568K, committed 28800K, reserved 1075200K
  class space    used 3505K, capacity 3868K, committed 3968K, reserved 1048576K
GC Heap History (8 events):
Event: 1.427 GC heap before
{Heap before GC invocations=1 (full 0):
 PSYoungGen      total 76288K, used 65536K [0x000000076b400000, 0x0000000770900000, 0x00000007c0000000)
  eden space 65536K, 100% used [0x000000076b400000,0x000000076f400000,0x000000076f400000)
  from space 10752K, 0% used [0x000000076fe80000,0x000000076fe80000,0x0000000770900000)
  to   space 10752K, 0% used [0x000000076f400000,0x000000076f400000,0x000000076fe80000)
 ParOldGen       total 175104K, used 0K [0x00000006c1c00000, 0x00000006cc700000, 0x000000076b400000)
  object space 175104K, 0% used [0x00000006c1c00000,0x00000006c1c00000,0x00000006cc700000)
 Metaspace       used 14193K, capacity 15202K, committed 15360K, reserved 1062912K
  class space    used 1781K, capacity 1989K, committed 2048K, reserved 1048576K
Event: 1.434 GC heap after
Heap after GC invocations=1 (full 0):
 PSYoungGen      total 76288K, used 8876K [0x000000076b400000, 0x0000000770900000, 0x00000007c0000000)
  eden space 65536K, 0% used [0x000000076b400000,0x000000076b400000,0x000000076f400000)
  from space 10752K, 82% used [0x000000076f400000,0x000000076fcab3e8,0x000000076fe80000)
  to   space 10752K, 0% used [0x000000076fe80000,0x000000076fe80000,0x0000000770900000)
 ParOldGen       total 175104K, used 16K [0x00000006c1c00000, 0x00000006cc700000, 0x000000076b400000)
  object space 175104K, 0% used [0x00000006c1c00000,0x00000006c1c04000,0x00000006cc700000)
 Metaspace       used 14193K, capacity 15202K, committed 15360K, reserved 1062912K
  class space    used 1781K, capacity 1989K, committed 2048K, reserved 1048576K
}
Event: 2.591 GC heap before
{Heap before GC invocations=2 (full 0):
 PSYoungGen      total 76288K, used 55289K [0x000000076b400000, 0x0000000770900000, 0x00000007c0000000)
  eden space 65536K, 70% used [0x000000076b400000,0x000000076e1532d8,0x000000076f400000)
  from space 10752K, 82% used [0x000000076f400000,0x000000076fcab3e8,0x000000076fe80000)
  to   space 10752K, 0% used [0x000000076fe80000,0x000000076fe80000,0x0000000770900000)
 ParOldGen       total 175104K, used 16K [0x00000006c1c00000, 0x00000006cc700000, 0x000000076b400000)
  object space 175104K, 0% used [0x00000006c1c00000,0x00000006c1c04000,0x00000006cc700000)
 Metaspace       used 19670K, capacity 21162K, committed 21296K, reserved 1067008K
  class space    used 2551K, capacity 2863K, committed 2944K, reserved 1048576K
Event: 2.602 GC heap after
Heap after GC invocations=2 (full 0):
 PSYoungGen      total 76288K, used 9568K [0x000000076b400000, 0x0000000770900000, 0x00000007c0000000)
  eden space 65536K, 0% used [0x000000076b400000,0x000000076b400000,0x000000076f400000)
  from space 10752K, 88% used [0x000000076fe80000,0x00000007707d81d8,0x0000000770900000)
  to   space 10752K, 0% used [0x000000076f400000,0x000000076f400000,0x000000076fe80000)
 ParOldGen       total 175104K, used 24K [0x00000006c1c00000, 0x00000006cc700000, 0x000000076b400000)
  object space 175104K, 0% used [0x00000006c1c00000,0x00000006c1c06000,0x00000006cc700000)
 Metaspace       used 19670K, capacity 21162K, committed 21296K, reserved 1067008K
  class space    used 2551K, capacity 2863K, committed 2944K, reserved 1048576K
}
Event: 2.602 GC heap before
{Heap before GC invocations=3 (full 1):
 PSYoungGen      total 76288K, used 9568K [0x000000076b400000, 0x0000000770900000, 0x00000007c0000000)
  eden space 65536K, 0% used [0x000000076b400000,0x000000076b400000,0x000000076f400000)
  from space 10752K, 88% used [0x000000076fe80000,0x00000007707d81d8,0x0000000770900000)
  to   space 10752K, 0% used [0x000000076f400000,0x000000076f400000,0x000000076fe80000)
 ParOldGen       total 175104K, used 24K [0x00000006c1c00000, 0x00000006cc700000, 0x000000076b400000)
  object space 175104K, 0% used [0x00000006c1c00000,0x00000006c1c06000,0x00000006cc700000)
 Metaspace       used 19670K, capacity 21162K, committed 21296K, reserved 1067008K
  class space    used 2551K, capacity 2863K, committed 2944K, reserved 1048576K
Event: 2.634 GC heap after
Heap after GC invocations=3 (full 1):
 PSYoungGen      total 76288K, used 0K [0x000000076b400000, 0x0000000770900000, 0x00000007c0000000)
  eden space 65536K, 0% used [0x000000076b400000,0x000000076b400000,0x000000076f400000)
  from space 10752K, 0% used [0x000000076fe80000,0x000000076fe80000,0x0000000770900000)
  to   space 10752K, 0% used [0x000000076f400000,0x000000076f400000,0x000000076fe80000)
 ParOldGen       total 116736K, used 9114K [0x00000006c1c00000, 0x00000006c8e00000, 0x000000076b400000)
  object space 116736K, 7% used [0x00000006c1c00000,0x00000006c24e68c8,0x00000006c8e00000)
 Metaspace       used 19670K, capacity 21162K, committed 21296K, reserved 1067008K
  class space    used 2551K, capacity 2863K, committed 2944K, reserved 1048576K
}
Event: 3.325 GC heap before
{Heap before GC invocations=4 (full 1):
 PSYoungGen      total 76288K, used 65536K [0x000000076b400000, 0x0000000770900000, 0x00000007c0000000)
  eden space 65536K, 100% used [0x000000076b400000,0x000000076f400000,0x000000076f400000)
  from space 10752K, 0% used [0x000000076fe80000,0x000000076fe80000,0x0000000770900000)
  to   space 10752K, 0% used [0x000000076f400000,0x000000076f400000,0x000000076fe80000)
 ParOldGen       total 116736K, used 9114K [0x00000006c1c00000, 0x00000006c8e00000, 0x000000076b400000)
  object space 116736K, 7% used [0x00000006c1c00000,0x00000006c24e68c8,0x00000006c8e00000)
 Metaspace       used 24763K, capacity 26616K, committed 26752K, reserved 1073152K
  class space    used 3243K, capacity 3598K, committed 3712K, reserved 1048576K
Event: 3.330 GC heap after
Heap after GC invocations=4 (full 1):
 PSYoungGen      total 76288K, used 7516K [0x000000076b400000, 0x0000000772080000, 0x00000007c0000000)
  eden space 65536K, 0% used [0x000000076b400000,0x000000076b400000,0x000000076f400000)
  from space 10752K, 69% used [0x000000076f400000,0x000000076fb570c0,0x000000076fe80000)
  to   space 10752K, 0% used [0x0000000771600000,0x0000000771600000,0x0000000772080000)
 ParOldGen       total 116736K, used 9122K [0x00000006c1c00000, 0x00000006c8e00000, 0x000000076b400000)
  object space 116736K, 7% used [0x00000006c1c00000,0x00000006c24e88c8,0x00000006c8e00000)
 Metaspace       used 24763K, capacity 26616K, committed 26752K, reserved 1073152K
  class space    used 3243K, capacity 3598K, committed 3712K, reserved 1048576K
}

